<?xml version="1.0" encoding="UTF-8"?>
<testsuite name="com.galvanize.tmo.paspringstarter.PaSpringStarterApplicationTests" tests="2" skipped="0" failures="0" errors="0" timestamp="2021-09-21T20:31:55" hostname="TMC02FTASWMD6R" time="0.277">
  <properties/>
  <testcase name="isHealthy()" classname="com.galvanize.tmo.paspringstarter.PaSpringStarterApplicationTests" time="0.274"/>
  <testcase name="contextLoads()" classname="com.galvanize.tmo.paspringstarter.PaSpringStarterApplicationTests" time="0.002"/>
  <system-out><![CDATA[13:31:53.617 [Test worker] DEBUG org.springframework.test.context.BootstrapUtils - Instantiating CacheAwareContextLoaderDelegate from class [org.springframework.test.context.cache.DefaultCacheAwareContextLoaderDelegate]
13:31:53.626 [Test worker] DEBUG org.springframework.test.context.BootstrapUtils - Instantiating BootstrapContext using constructor [public org.springframework.test.context.support.DefaultBootstrapContext(java.lang.Class,org.springframework.test.context.CacheAwareContextLoaderDelegate)]
13:31:53.652 [Test worker] DEBUG org.springframework.test.context.BootstrapUtils - Instantiating TestContextBootstrapper for test class [com.galvanize.tmo.paspringstarter.PaSpringStarterApplicationTests] from class [org.springframework.boot.test.context.SpringBootTestContextBootstrapper]
13:31:53.659 [Test worker] INFO org.springframework.boot.test.context.SpringBootTestContextBootstrapper - Neither @ContextConfiguration nor @ContextHierarchy found for test class [com.galvanize.tmo.paspringstarter.PaSpringStarterApplicationTests], using SpringBootContextLoader
13:31:53.662 [Test worker] DEBUG org.springframework.test.context.support.AbstractContextLoader - Did not detect default resource location for test class [com.galvanize.tmo.paspringstarter.PaSpringStarterApplicationTests]: class path resource [com/galvanize/tmo/paspringstarter/PaSpringStarterApplicationTests-context.xml] does not exist
13:31:53.662 [Test worker] DEBUG org.springframework.test.context.support.AbstractContextLoader - Did not detect default resource location for test class [com.galvanize.tmo.paspringstarter.PaSpringStarterApplicationTests]: class path resource [com/galvanize/tmo/paspringstarter/PaSpringStarterApplicationTestsContext.groovy] does not exist
13:31:53.663 [Test worker] INFO org.springframework.test.context.support.AbstractContextLoader - Could not detect default resource locations for test class [com.galvanize.tmo.paspringstarter.PaSpringStarterApplicationTests]: no resource found for suffixes {-context.xml, Context.groovy}.
13:31:53.663 [Test worker] INFO org.springframework.test.context.support.AnnotationConfigContextLoaderUtils - Could not detect default configuration classes for test class [com.galvanize.tmo.paspringstarter.PaSpringStarterApplicationTests]: PaSpringStarterApplicationTests does not declare any static, non-private, non-final, nested classes annotated with @Configuration.
13:31:53.702 [Test worker] DEBUG org.springframework.test.context.support.ActiveProfilesUtils - Could not find an 'annotation declaring class' for annotation type [org.springframework.test.context.ActiveProfiles] and class [com.galvanize.tmo.paspringstarter.PaSpringStarterApplicationTests]
13:31:53.754 [Test worker] DEBUG org.springframework.context.annotation.ClassPathScanningCandidateComponentProvider - Identified candidate component class: file [/Users/mkonath/Projects/Preassessment/LibraryBooks/build/classes/java/main/com/galvanize/tmo/paspringstarter/PaSpringStarterApplication.class]
13:31:53.755 [Test worker] INFO org.springframework.boot.test.context.SpringBootTestContextBootstrapper - Found @SpringBootConfiguration com.galvanize.tmo.paspringstarter.PaSpringStarterApplication for test class com.galvanize.tmo.paspringstarter.PaSpringStarterApplicationTests
13:31:53.828 [Test worker] DEBUG org.springframework.boot.test.context.SpringBootTestContextBootstrapper - @TestExecutionListeners is not present for class [com.galvanize.tmo.paspringstarter.PaSpringStarterApplicationTests]: using defaults.
13:31:53.828 [Test worker] INFO org.springframework.boot.test.context.SpringBootTestContextBootstrapper - Loaded default TestExecutionListener class names from location [META-INF/spring.factories]: [org.springframework.boot.test.autoconfigure.restdocs.RestDocsTestExecutionListener, org.springframework.boot.test.autoconfigure.web.client.MockRestServiceServerResetTestExecutionListener, org.springframework.boot.test.autoconfigure.web.servlet.MockMvcPrintOnlyOnFailureTestExecutionListener, org.springframework.boot.test.autoconfigure.web.servlet.WebDriverTestExecutionListener, org.springframework.boot.test.autoconfigure.webservices.client.MockWebServiceServerTestExecutionListener, org.springframework.boot.test.mock.mockito.MockitoTestExecutionListener, org.springframework.boot.test.mock.mockito.ResetMocksTestExecutionListener, org.springframework.test.context.web.ServletTestExecutionListener, org.springframework.test.context.support.DirtiesContextBeforeModesTestExecutionListener, org.springframework.test.context.event.ApplicationEventsTestExecutionListener, org.springframework.test.context.support.DependencyInjectionTestExecutionListener, org.springframework.test.context.support.DirtiesContextTestExecutionListener, org.springframework.test.context.transaction.TransactionalTestExecutionListener, org.springframework.test.context.jdbc.SqlScriptsTestExecutionListener, org.springframework.test.context.event.EventPublishingTestExecutionListener]
13:31:53.836 [Test worker] DEBUG org.springframework.boot.test.context.SpringBootTestContextBootstrapper - Skipping candidate TestExecutionListener [org.springframework.test.context.transaction.TransactionalTestExecutionListener] due to a missing dependency. Specify custom listener classes or make the default listener classes and their required dependencies available. Offending class: [org/springframework/transaction/TransactionDefinition]
13:31:53.836 [Test worker] DEBUG org.springframework.boot.test.context.SpringBootTestContextBootstrapper - Skipping candidate TestExecutionListener [org.springframework.test.context.jdbc.SqlScriptsTestExecutionListener] due to a missing dependency. Specify custom listener classes or make the default listener classes and their required dependencies available. Offending class: [org/springframework/transaction/interceptor/TransactionAttribute]
13:31:53.836 [Test worker] INFO org.springframework.boot.test.context.SpringBootTestContextBootstrapper - Using TestExecutionListeners: [org.springframework.test.context.web.ServletTestExecutionListener@70d82297, org.springframework.test.context.support.DirtiesContextBeforeModesTestExecutionListener@2ac60d1a, org.springframework.test.context.event.ApplicationEventsTestExecutionListener@2b314019, org.springframework.boot.test.mock.mockito.MockitoTestExecutionListener@72074738, org.springframework.boot.test.autoconfigure.SpringBootDependencyInjectionTestExecutionListener@437a0f75, org.springframework.test.context.support.DirtiesContextTestExecutionListener@594e74dd, org.springframework.test.context.event.EventPublishingTestExecutionListener@78ded665, org.springframework.boot.test.autoconfigure.restdocs.RestDocsTestExecutionListener@302860c1, org.springframework.boot.test.autoconfigure.web.client.MockRestServiceServerResetTestExecutionListener@23bad016, org.springframework.boot.test.autoconfigure.web.servlet.MockMvcPrintOnlyOnFailureTestExecutionListener@9f8a020, org.springframework.boot.test.autoconfigure.web.servlet.WebDriverTestExecutionListener@71b2284, org.springframework.boot.test.autoconfigure.webservices.client.MockWebServiceServerTestExecutionListener@74c664ce, org.springframework.boot.test.mock.mockito.ResetMocksTestExecutionListener@1092020]
13:31:53.839 [Test worker] DEBUG org.springframework.test.context.support.AbstractDirtiesContextTestExecutionListener - Before test class: context [DefaultTestContext@538f5db5 testClass = PaSpringStarterApplicationTests, testInstance = [null], testMethod = [null], testException = [null], mergedContextConfiguration = [WebMergedContextConfiguration@520de85f testClass = PaSpringStarterApplicationTests, locations = '{}', classes = '{class com.galvanize.tmo.paspringstarter.PaSpringStarterApplication}', contextInitializerClasses = '[]', activeProfiles = '{}', propertySourceLocations = '{}', propertySourceProperties = '{org.springframework.boot.test.context.SpringBootTestContextBootstrapper=true}', contextCustomizers = set[org.springframework.boot.test.autoconfigure.actuate.metrics.MetricsExportContextCustomizerFactory$DisableMetricExportContextCustomizer@3defaf44, org.springframework.boot.test.autoconfigure.properties.PropertyMappingContextCustomizer@4b3fa0b3, org.springframework.boot.test.autoconfigure.web.servlet.WebDriverContextCustomizerFactory$Customizer@cc880ac, [ImportsContextCustomizer@136be7b1 key = [org.springframework.boot.test.autoconfigure.web.servlet.MockMvcAutoConfiguration, org.springframework.boot.test.autoconfigure.web.servlet.MockMvcWebClientAutoConfiguration, org.springframework.boot.test.autoconfigure.web.servlet.MockMvcWebDriverAutoConfiguration, org.springframework.boot.autoconfigure.security.oauth2.client.servlet.OAuth2ClientAutoConfiguration, org.springframework.boot.autoconfigure.security.oauth2.resource.servlet.OAuth2ResourceServerAutoConfiguration, org.springframework.boot.autoconfigure.security.servlet.SecurityAutoConfiguration, org.springframework.boot.autoconfigure.security.servlet.SecurityFilterAutoConfiguration, org.springframework.boot.autoconfigure.security.servlet.UserDetailsServiceAutoConfiguration, org.springframework.boot.test.autoconfigure.web.servlet.MockMvcSecurityConfiguration]], org.springframework.boot.test.context.filter.ExcludeFilterContextCustomizer@202e8d24, org.springframework.boot.test.json.DuplicateJsonObjectContextCustomizerFactory$DuplicateJsonObjectContextCustomizer@70ef89db, org.springframework.boot.test.mock.mockito.MockitoContextCustomizer@0, org.springframework.boot.test.web.client.TestRestTemplateContextCustomizer@6d12b630, org.springframework.boot.test.context.SpringBootTestArgs@1, org.springframework.boot.test.context.SpringBootTestWebEnvironment@4839e4c4], resourceBasePath = 'src/main/webapp', contextLoader = 'org.springframework.boot.test.context.SpringBootContextLoader', parent = [null]], attributes = map['org.springframework.test.context.web.ServletTestExecutionListener.activateListener' -> true]], class annotated with @DirtiesContext [false] with mode [null].
13:31:53.860 [Test worker] DEBUG org.springframework.test.context.support.TestPropertySourceUtils - Adding inlined properties to environment: {spring.jmx.enabled=false, org.springframework.boot.test.context.SpringBootTestContextBootstrapper=true}

  .   ____          _            __ _ _
 /\\ / ___'_ __ _ _(_)_ __  __ _ \ \ \ \
( ( )\___ | '_ | '_| | '_ \/ _` | \ \ \ \
 \\/  ___)| |_)| | | | | || (_| |  ) ) ) )
  '  |____| .__|_| |_|_| |_\__, | / / / /
 =========|_|==============|___/=/_/_/_/
 :: Spring Boot ::                (v2.4.5)

2021-09-21 13:31:54.050  INFO 65026 --- [    Test worker] c.g.t.p.PaSpringStarterApplicationTests  : Starting PaSpringStarterApplicationTests using Java 11.0.12 on TMC02FTASWMD6R with PID 65026 (started by mkonath in /Users/mkonath/Projects/Preassessment/LibraryBooks)
2021-09-21 13:31:54.052  INFO 65026 --- [    Test worker] c.g.t.p.PaSpringStarterApplicationTests  : No active profile set, falling back to default profiles: default
2021-09-21 13:31:54.831  INFO 65026 --- [    Test worker] o.s.s.concurrent.ThreadPoolTaskExecutor  : Initializing ExecutorService 'applicationTaskExecutor'
2021-09-21 13:31:55.035  INFO 65026 --- [    Test worker] o.s.b.t.m.w.SpringBootMockServletContext : Initializing Spring TestDispatcherServlet ''
2021-09-21 13:31:55.036  INFO 65026 --- [    Test worker] o.s.t.web.servlet.TestDispatcherServlet  : Initializing Servlet ''
2021-09-21 13:31:55.036  INFO 65026 --- [    Test worker] o.s.t.web.servlet.TestDispatcherServlet  : Completed initialization in 0 ms
2021-09-21 13:31:55.051  INFO 65026 --- [    Test worker] c.g.t.p.PaSpringStarterApplicationTests  : Started PaSpringStarterApplicationTests in 1.186 seconds (JVM running for 2.058)
]]></system-out>
  <system-err><![CDATA[]]></system-err>
</testsuite>
