<?xml version="1.0" encoding="UTF-8"?>
<testsuite name="com.galvanize.tmo.paspringstarter.PaSpringStarterApplicationTests" tests="2" skipped="0" failures="0" errors="0" timestamp="2021-09-21T18:33:00" hostname="TMC02FTASWMD6R" time="0.293">
  <properties/>
  <testcase name="isHealthy()" classname="com.galvanize.tmo.paspringstarter.PaSpringStarterApplicationTests" time="0.29"/>
  <testcase name="contextLoads()" classname="com.galvanize.tmo.paspringstarter.PaSpringStarterApplicationTests" time="0.002"/>
  <system-out><![CDATA[11:32:58.720 [Test worker] DEBUG org.springframework.test.context.BootstrapUtils - Instantiating CacheAwareContextLoaderDelegate from class [org.springframework.test.context.cache.DefaultCacheAwareContextLoaderDelegate]
11:32:58.729 [Test worker] DEBUG org.springframework.test.context.BootstrapUtils - Instantiating BootstrapContext using constructor [public org.springframework.test.context.support.DefaultBootstrapContext(java.lang.Class,org.springframework.test.context.CacheAwareContextLoaderDelegate)]
11:32:58.753 [Test worker] DEBUG org.springframework.test.context.BootstrapUtils - Instantiating TestContextBootstrapper for test class [com.galvanize.tmo.paspringstarter.PaSpringStarterApplicationTests] from class [org.springframework.boot.test.context.SpringBootTestContextBootstrapper]
11:32:58.760 [Test worker] INFO org.springframework.boot.test.context.SpringBootTestContextBootstrapper - Neither @ContextConfiguration nor @ContextHierarchy found for test class [com.galvanize.tmo.paspringstarter.PaSpringStarterApplicationTests], using SpringBootContextLoader
11:32:58.763 [Test worker] DEBUG org.springframework.test.context.support.AbstractContextLoader - Did not detect default resource location for test class [com.galvanize.tmo.paspringstarter.PaSpringStarterApplicationTests]: class path resource [com/galvanize/tmo/paspringstarter/PaSpringStarterApplicationTests-context.xml] does not exist
11:32:58.763 [Test worker] DEBUG org.springframework.test.context.support.AbstractContextLoader - Did not detect default resource location for test class [com.galvanize.tmo.paspringstarter.PaSpringStarterApplicationTests]: class path resource [com/galvanize/tmo/paspringstarter/PaSpringStarterApplicationTestsContext.groovy] does not exist
11:32:58.763 [Test worker] INFO org.springframework.test.context.support.AbstractContextLoader - Could not detect default resource locations for test class [com.galvanize.tmo.paspringstarter.PaSpringStarterApplicationTests]: no resource found for suffixes {-context.xml, Context.groovy}.
11:32:58.764 [Test worker] INFO org.springframework.test.context.support.AnnotationConfigContextLoaderUtils - Could not detect default configuration classes for test class [com.galvanize.tmo.paspringstarter.PaSpringStarterApplicationTests]: PaSpringStarterApplicationTests does not declare any static, non-private, non-final, nested classes annotated with @Configuration.
11:32:58.797 [Test worker] DEBUG org.springframework.test.context.support.ActiveProfilesUtils - Could not find an 'annotation declaring class' for annotation type [org.springframework.test.context.ActiveProfiles] and class [com.galvanize.tmo.paspringstarter.PaSpringStarterApplicationTests]
11:32:58.840 [Test worker] DEBUG org.springframework.context.annotation.ClassPathScanningCandidateComponentProvider - Identified candidate component class: file [/Users/mkonath/Projects/Preassessment/LibraryBooks/build/classes/java/main/com/galvanize/tmo/paspringstarter/PaSpringStarterApplication.class]
11:32:58.841 [Test worker] INFO org.springframework.boot.test.context.SpringBootTestContextBootstrapper - Found @SpringBootConfiguration com.galvanize.tmo.paspringstarter.PaSpringStarterApplication for test class com.galvanize.tmo.paspringstarter.PaSpringStarterApplicationTests
11:32:58.906 [Test worker] DEBUG org.springframework.boot.test.context.SpringBootTestContextBootstrapper - @TestExecutionListeners is not present for class [com.galvanize.tmo.paspringstarter.PaSpringStarterApplicationTests]: using defaults.
11:32:58.907 [Test worker] INFO org.springframework.boot.test.context.SpringBootTestContextBootstrapper - Loaded default TestExecutionListener class names from location [META-INF/spring.factories]: [org.springframework.boot.test.autoconfigure.restdocs.RestDocsTestExecutionListener, org.springframework.boot.test.autoconfigure.web.client.MockRestServiceServerResetTestExecutionListener, org.springframework.boot.test.autoconfigure.web.servlet.MockMvcPrintOnlyOnFailureTestExecutionListener, org.springframework.boot.test.autoconfigure.web.servlet.WebDriverTestExecutionListener, org.springframework.boot.test.autoconfigure.webservices.client.MockWebServiceServerTestExecutionListener, org.springframework.boot.test.mock.mockito.MockitoTestExecutionListener, org.springframework.boot.test.mock.mockito.ResetMocksTestExecutionListener, org.springframework.test.context.web.ServletTestExecutionListener, org.springframework.test.context.support.DirtiesContextBeforeModesTestExecutionListener, org.springframework.test.context.event.ApplicationEventsTestExecutionListener, org.springframework.test.context.support.DependencyInjectionTestExecutionListener, org.springframework.test.context.support.DirtiesContextTestExecutionListener, org.springframework.test.context.transaction.TransactionalTestExecutionListener, org.springframework.test.context.jdbc.SqlScriptsTestExecutionListener, org.springframework.test.context.event.EventPublishingTestExecutionListener]
11:32:58.914 [Test worker] DEBUG org.springframework.boot.test.context.SpringBootTestContextBootstrapper - Skipping candidate TestExecutionListener [org.springframework.test.context.transaction.TransactionalTestExecutionListener] due to a missing dependency. Specify custom listener classes or make the default listener classes and their required dependencies available. Offending class: [org/springframework/transaction/interceptor/TransactionAttributeSource]
11:32:58.915 [Test worker] DEBUG org.springframework.boot.test.context.SpringBootTestContextBootstrapper - Skipping candidate TestExecutionListener [org.springframework.test.context.jdbc.SqlScriptsTestExecutionListener] due to a missing dependency. Specify custom listener classes or make the default listener classes and their required dependencies available. Offending class: [org/springframework/transaction/interceptor/TransactionAttribute]
11:32:58.915 [Test worker] INFO org.springframework.boot.test.context.SpringBootTestContextBootstrapper - Using TestExecutionListeners: [org.springframework.test.context.web.ServletTestExecutionListener@64006e70, org.springframework.test.context.support.DirtiesContextBeforeModesTestExecutionListener@49c5fe9a, org.springframework.test.context.event.ApplicationEventsTestExecutionListener@1b09c903, org.springframework.boot.test.mock.mockito.MockitoTestExecutionListener@51dc0aa2, org.springframework.boot.test.autoconfigure.SpringBootDependencyInjectionTestExecutionListener@36c89d07, org.springframework.test.context.support.DirtiesContextTestExecutionListener@501f846a, org.springframework.test.context.event.EventPublishingTestExecutionListener@58b0ebb, org.springframework.boot.test.autoconfigure.restdocs.RestDocsTestExecutionListener@34b39db2, org.springframework.boot.test.autoconfigure.web.client.MockRestServiceServerResetTestExecutionListener@46e10e86, org.springframework.boot.test.autoconfigure.web.servlet.MockMvcPrintOnlyOnFailureTestExecutionListener@6af1fee4, org.springframework.boot.test.autoconfigure.web.servlet.WebDriverTestExecutionListener@3752cbd7, org.springframework.boot.test.autoconfigure.webservices.client.MockWebServiceServerTestExecutionListener@1f248e82, org.springframework.boot.test.mock.mockito.ResetMocksTestExecutionListener@517f36de]
11:32:58.918 [Test worker] DEBUG org.springframework.test.context.support.AbstractDirtiesContextTestExecutionListener - Before test class: context [DefaultTestContext@49b50311 testClass = PaSpringStarterApplicationTests, testInstance = [null], testMethod = [null], testException = [null], mergedContextConfiguration = [WebMergedContextConfiguration@696adff7 testClass = PaSpringStarterApplicationTests, locations = '{}', classes = '{class com.galvanize.tmo.paspringstarter.PaSpringStarterApplication}', contextInitializerClasses = '[]', activeProfiles = '{}', propertySourceLocations = '{}', propertySourceProperties = '{org.springframework.boot.test.context.SpringBootTestContextBootstrapper=true}', contextCustomizers = set[org.springframework.boot.test.autoconfigure.actuate.metrics.MetricsExportContextCustomizerFactory$DisableMetricExportContextCustomizer@1cbc24a9, org.springframework.boot.test.autoconfigure.properties.PropertyMappingContextCustomizer@4b3fa0b3, org.springframework.boot.test.autoconfigure.web.servlet.WebDriverContextCustomizerFactory$Customizer@7cee5af9, [ImportsContextCustomizer@3e2c19f1 key = [org.springframework.boot.test.autoconfigure.web.servlet.MockMvcAutoConfiguration, org.springframework.boot.test.autoconfigure.web.servlet.MockMvcWebClientAutoConfiguration, org.springframework.boot.test.autoconfigure.web.servlet.MockMvcWebDriverAutoConfiguration, org.springframework.boot.autoconfigure.security.oauth2.client.servlet.OAuth2ClientAutoConfiguration, org.springframework.boot.autoconfigure.security.oauth2.resource.servlet.OAuth2ResourceServerAutoConfiguration, org.springframework.boot.autoconfigure.security.servlet.SecurityAutoConfiguration, org.springframework.boot.autoconfigure.security.servlet.SecurityFilterAutoConfiguration, org.springframework.boot.autoconfigure.security.servlet.UserDetailsServiceAutoConfiguration, org.springframework.boot.test.autoconfigure.web.servlet.MockMvcSecurityConfiguration]], org.springframework.boot.test.context.filter.ExcludeFilterContextCustomizer@4da5257d, org.springframework.boot.test.json.DuplicateJsonObjectContextCustomizerFactory$DuplicateJsonObjectContextCustomizer@73060a3, org.springframework.boot.test.mock.mockito.MockitoContextCustomizer@0, org.springframework.boot.test.web.client.TestRestTemplateContextCustomizer@5d3d310c, org.springframework.boot.test.context.SpringBootTestArgs@1, org.springframework.boot.test.context.SpringBootTestWebEnvironment@6b26feed], resourceBasePath = 'src/main/webapp', contextLoader = 'org.springframework.boot.test.context.SpringBootContextLoader', parent = [null]], attributes = map['org.springframework.test.context.web.ServletTestExecutionListener.activateListener' -> true]], class annotated with @DirtiesContext [false] with mode [null].
11:32:58.939 [Test worker] DEBUG org.springframework.test.context.support.TestPropertySourceUtils - Adding inlined properties to environment: {spring.jmx.enabled=false, org.springframework.boot.test.context.SpringBootTestContextBootstrapper=true}

  .   ____          _            __ _ _
 /\\ / ___'_ __ _ _(_)_ __  __ _ \ \ \ \
( ( )\___ | '_ | '_| | '_ \/ _` | \ \ \ \
 \\/  ___)| |_)| | | | | || (_| |  ) ) ) )
  '  |____| .__|_| |_|_| |_\__, | / / / /
 =========|_|==============|___/=/_/_/_/
 :: Spring Boot ::                (v2.4.5)

2021-09-21 11:32:59.144  INFO 59758 --- [    Test worker] c.g.t.p.PaSpringStarterApplicationTests  : Starting PaSpringStarterApplicationTests using Java 11.0.12 on TMC02FTASWMD6R with PID 59758 (started by mkonath in /Users/mkonath/Projects/Preassessment/LibraryBooks)
2021-09-21 11:32:59.146  INFO 59758 --- [    Test worker] c.g.t.p.PaSpringStarterApplicationTests  : No active profile set, falling back to default profiles: default
2021-09-21 11:32:59.910  INFO 59758 --- [    Test worker] o.s.s.concurrent.ThreadPoolTaskExecutor  : Initializing ExecutorService 'applicationTaskExecutor'
2021-09-21 11:33:00.114  INFO 59758 --- [    Test worker] o.s.b.t.m.w.SpringBootMockServletContext : Initializing Spring TestDispatcherServlet ''
2021-09-21 11:33:00.114  INFO 59758 --- [    Test worker] o.s.t.web.servlet.TestDispatcherServlet  : Initializing Servlet ''
2021-09-21 11:33:00.115  INFO 59758 --- [    Test worker] o.s.t.web.servlet.TestDispatcherServlet  : Completed initialization in 1 ms
2021-09-21 11:33:00.129  INFO 59758 --- [    Test worker] c.g.t.p.PaSpringStarterApplicationTests  : Started PaSpringStarterApplicationTests in 1.175 seconds (JVM running for 2.002)
]]></system-out>
  <system-err><![CDATA[]]></system-err>
</testsuite>
